<?xml version="1.0" encoding="UTF-8"?>
<!-- Generated by org.testng.reporters.JUnitReportReporter -->
<testsuite skipped="0" hostname="DDT" name="TestCases.LoginTest" tests="1" failures="0" timestamp="21 Mar 2020 05:40:37 GMT" time="11.785" errors="0">
  <testcase name="testLogin" time="11.785" classname="TestCases.LoginTest"/>
</testsuite> <!-- TestCases.LoginTest -->
